 
     _ _       
   /. ' \  ----=>> Plum ver1.0 <<=----
  | ~^ ^~| ---=>> Nuo Wang 2016 <<=---
   \__\_/  

  All energies are in kBT.
  All lengths are in unit length (ul).

  Starting program!
  General simulation parameters.
     Input coordinate file       : input_crd.dat
     Input topology file         : input_top.dat
     Prefix of output file names : output
     Total simulation steps      : 10000
     Equilibrium steps           : 100
     Sampling frequency          : 100
     Statistics output frequency : 100
     Trajectory output frequency : 100
     Number of dimension of PBC  : 3
     MC move size (ul)           : 2
     beta (1/kBT)                : 1
     Calculate chemical pot?     : no
     Number of phantom molecules : 0
     Number of coions            : 0
     p(bead translation move)    : 0.95
     p(pol COM translation move) : 0
     p(pol pivot move)           : 0.05
     p(pol crankshaft move)      : 0
     p(pol random reptation move): 0
  Force field parameters.
     [P] g(r) bin resolution (ul): 10
     [P] Hard sphere size (ul)   : 2.5
     Use pair potential?         : yes
     Use Ewald sum potential?    : yes
     Use bond potential?         : no
     Use rigid bond?             : yes
     Use angle potential?        : no
     Use dihedral potential?     : no
     Use external potential?     : no
     Use grand canonical MC?     : yes
     [GC] Chemical pot (kBT)     : -90
     [GC] de Broglie wavelength^3: 1
     [GC] GCMC move frequency    : 10
     [GC] CBMC chain length      : 8
     [GC] CBMC bead charge (e)   : -1
     [GC] CBMC bead type         : P
     [GC] CBMC trials            : 30
     [PP] Pair potential type    : Truncated LJ
     [PP] Sigma for bead type    : P - 2.5
     [PP] Epsilon for bead type  : P - 0.1
     [PP] Sigma for bead type    : L - 2.5
     [PP] Epsilon for bead type  : L - 0.1
     [PP] Sigma for bead type    : R - 2.5
     [PP] Epsilon for bead type  : R - 0.1
     [PP] Sigma for bead type    : C - 2.5
     [PP] Epsilon for bead type  : C - 0.1
     [PP] Sigma for bead type    : Z - 2.5
     [PP] Epsilon for bead type  : Z - 0
     [EP] Ewald potential type   : Coul
     [EP] Bjerrum length (ul)    : 2.5
     [EP] Dielectric constant    : 80
     [EP] Derived kBT in J*A/ul  : 1.15354e-20
     [EP] Derived T K*A/ul       : 835.505
     [EP] Ewald alpha (ul^-2)    : 0.001
     [EP] Real space cutoff (ul) : 100
     [EP] (cell sum number)      : 1
     [EP] k space cutoff (ul^-2) : 0.034
     [EP] (k sum number)         : 3
     [EP] Use dipole correction? : no
     [RB] Rigid bond length      : 2.5A
  Note: Currently, pressure cannot be calculated
        correctly for all combinations of "hard" and
        "soft" potentials.
  Note: For the hard sphere part of the virial pressure
        calculation to be correct, the virial sphere
        size should be consistent with the bead sizes
        given to the "rigid bond",  the "hard sphere
        potential" and the "hard wall potential"
  Initialized pair potential.
  Initialized Ewald potential.
  The random number seed is: 3957884893
  Warning: There is no chain in the system but the chain
           MC move(s) is requested!
  Warning: There is no single bead in the system but the
           bead MC move is requested!
  END.

  Simulation complete.
